<?xml version="1.0" encoding="UTF-8"?>
<testng-results skipped="0" failed="1" total="1" passed="0">
  <reporter-output>
  </reporter-output>
  <suite name="Default suite" duration-ms="693" started-at="2013-09-11T23:29:12Z" finished-at="2013-09-11T23:29:13Z">
    <groups>
    </groups>
    <test name="Default test" duration-ms="693" started-at="2013-09-11T23:29:12Z" finished-at="2013-09-11T23:29:13Z">
      <class name="com.zscaler.astyanax.metricsTest.AstyanaxMetricsTest">
        <test-method status="FAIL" signature="test()[pri:0, instance:com.zscaler.astyanax.metricsTest.AstyanaxMetricsTest@214a55f2]" name="test" duration-ms="654" started-at="2013-09-11T16:29:12Z" finished-at="2013-09-11T16:29:13Z">
          <exception class="java.lang.NullPointerException">
            <message>
              <![CDATA[Missing host name supplier]]>
            </message>
            <full-stacktrace>
              <![CDATA[java.lang.NullPointerException: Missing host name supplier
	at com.google.common.base.Preconditions.checkNotNull(Preconditions.java:204)
	at com.netflix.astyanax.AstyanaxContext$Builder.buildKeyspace(AstyanaxContext.java:145)
	at com.zscaler.cassandra.astyanax.metrics.Connection.startConnection(Connection.java:55)
	at com.zscaler.cassandra.astyanax.metrics.Connection.generateAstyanaxMetrics(Connection.java:79)
	at com.zscaler.astyanax.metricsTest.AstyanaxMetricsTest.test(AstyanaxMetricsTest.java:14)
	at sun.reflect.NativeMethodAccessorImpl.invoke0(Native Method)
	at sun.reflect.NativeMethodAccessorImpl.invoke(Unknown Source)
	at sun.reflect.DelegatingMethodAccessorImpl.invoke(Unknown Source)
	at java.lang.reflect.Method.invoke(Unknown Source)
	at org.testng.internal.MethodInvocationHelper.invokeMethod(MethodInvocationHelper.java:84)
	at org.testng.internal.Invoker.invokeMethod(Invoker.java:714)
	at org.testng.internal.Invoker.invokeTestMethod(Invoker.java:901)
	at org.testng.internal.Invoker.invokeTestMethods(Invoker.java:1231)
	at org.testng.internal.TestMethodWorker.invokeTestMethods(TestMethodWorker.java:127)
	at org.testng.internal.TestMethodWorker.run(TestMethodWorker.java:111)
	at org.testng.TestRunner.privateRun(TestRunner.java:767)
	at org.testng.TestRunner.run(TestRunner.java:617)
	at org.testng.SuiteRunner.runTest(SuiteRunner.java:335)
	at org.testng.SuiteRunner.runSequentially(SuiteRunner.java:330)
	at org.testng.SuiteRunner.privateRun(SuiteRunner.java:291)
	at org.testng.SuiteRunner.run(SuiteRunner.java:240)
	at org.testng.SuiteRunnerWorker.runSuite(SuiteRunnerWorker.java:52)
	at org.testng.SuiteRunnerWorker.run(SuiteRunnerWorker.java:86)
	at org.testng.TestNG.runSuitesSequentially(TestNG.java:1224)
	at org.testng.TestNG.runSuitesLocally(TestNG.java:1149)
	at org.testng.TestNG.run(TestNG.java:1057)
	at org.testng.remote.RemoteTestNG.run(RemoteTestNG.java:111)
	at org.testng.remote.RemoteTestNG.initAndRun(RemoteTestNG.java:204)
	at org.testng.remote.RemoteTestNG.main(RemoteTestNG.java:175)
]]>
            </full-stacktrace>
          </exception> <!-- java.lang.NullPointerException -->
          <reporter-output>
          </reporter-output>
        </test-method> <!-- test -->
      </class> <!-- com.zscaler.astyanax.metricsTest.AstyanaxMetricsTest -->
    </test> <!-- Default test -->
  </suite> <!-- Default suite -->
</testng-results>
